<?xml version="1.0" encoding="UTF-8"?>
<!-- Generated by org.testng.reporters.JUnitXMLReporter -->
<testsuite ignored="0" hostname="TABLET-035DO2R9" failures="0" tests="4" name="Test" time="4.591" errors="0" timestamp="2024-01-20T05:05:29 GMT-06:00">
  <testcase classname="com.httpmethodsbasic.GETMethod" name="verifyStatusCodeGET" time="2.945"/>
  <testcase classname="com.httpmethodsbasic.PUTMethod" name="verifystatusCodeforPost" time="0.524"/>
  <testcase classname="com.httpmethodsbasic.POSTMethod" name="verifystatusCodeforPost" time="0.505"/>
  <testcase classname="com.httpmethodsbasic.DELETEMethod" name="verifyTheStatusCodeOfDelete" time="0.523"/>
</testsuite> <!-- Test -->
