<?xml version="1.0" encoding="UTF-8"?>
<!-- Generated by org.testng.reporters.JUnitXMLReporter -->
<testsuite ignored="0" hostname="TABLET-035DO2R9" failures="0" tests="3" name="Test" time="3.653" errors="0" timestamp="2024-01-20T05:38:11 GMT-06:00">
  <testcase classname="com.httpmethodsbasic.GETMethod" name="verifyStatusCodeGET" time="2.474"/>
  <testcase classname="com.httpmethodsbasic.POSTMethod" name="verifystatusCodeforPost" time="0.507"/>
  <testcase classname="com.httpmethodsbasic.DELETEMethod" name="verifyTheStatusCodeOfDelete" time="0.6"/>
</testsuite> <!-- Test -->
