<?xml version="1.0" encoding="UTF-8"?>
<testng-results ignored="0" total="4" passed="4" failed="0" skipped="0">
  <reporter-output>
  </reporter-output>
  <suite started-at="2024-01-20T05:05:24 GMT-06:00" name="Suite" finished-at="2024-01-20T05:05:29 GMT-06:00" duration-ms="4591">
    <groups>
    </groups>
    <test started-at="2024-01-20T05:05:24 GMT-06:00" name="Test" finished-at="2024-01-20T05:05:29 GMT-06:00" duration-ms="4591">
      <class name="com.httpmethodsbasic.GETMethod">
        <test-method signature="verifyStatusCodeGET()[pri:0, instance:com.httpmethodsbasic.GETMethod@20b2475a]" started-at="2024-01-20T05:05:24 GMT-06:00" name="verifyStatusCodeGET" description="Verify status code for GET method-users/2 as 200" finished-at="2024-01-20T05:05:27 GMT-06:00" duration-ms="2945" status="PASS">
          <reporter-output>
          </reporter-output>
        </test-method> <!-- verifyStatusCodeGET -->
      </class> <!-- com.httpmethodsbasic.GETMethod -->
      <class name="com.httpmethodsbasic.POSTMethod">
        <test-method signature="verifystatusCodeforPost()[pri:0, instance:com.httpmethodsbasic.POSTMethod@14dd7b39]" started-at="2024-01-20T05:05:28 GMT-06:00" name="verifystatusCodeforPost" finished-at="2024-01-20T05:05:28 GMT-06:00" duration-ms="505" status="PASS">
          <reporter-output>
          </reporter-output>
        </test-method> <!-- verifystatusCodeforPost -->
      </class> <!-- com.httpmethodsbasic.POSTMethod -->
      <class name="com.httpmethodsbasic.DELETEMethod">
        <test-method signature="verifyTheStatusCodeOfDelete()[pri:0, instance:com.httpmethodsbasic.DELETEMethod@66ea810]" started-at="2024-01-20T05:05:28 GMT-06:00" name="verifyTheStatusCodeOfDelete" finished-at="2024-01-20T05:05:29 GMT-06:00" duration-ms="523" status="PASS">
          <reporter-output>
          </reporter-output>
        </test-method> <!-- verifyTheStatusCodeOfDelete -->
      </class> <!-- com.httpmethodsbasic.DELETEMethod -->
      <class name="com.httpmethodsbasic.PUTMethod">
        <test-method signature="verifystatusCodeforPost()[pri:0, instance:com.httpmethodsbasic.PUTMethod@2d0399f4]" started-at="2024-01-20T05:05:27 GMT-06:00" name="verifystatusCodeforPost" finished-at="2024-01-20T05:05:28 GMT-06:00" duration-ms="524" status="PASS">
          <reporter-output>
          </reporter-output>
        </test-method> <!-- verifystatusCodeforPost -->
      </class> <!-- com.httpmethodsbasic.PUTMethod -->
    </test> <!-- Test -->
  </suite> <!-- Suite -->
</testng-results>
