<?xml version="1.0" encoding="UTF-8"?>
<testng-results ignored="0" total="1" passed="1" failed="0" skipped="0">
  <reporter-output>
  </reporter-output>
  <suite started-at="2024-01-23T17:39:21 GMT-06:00" name="Default suite" finished-at="2024-01-23T17:39:25 GMT-06:00" duration-ms="3578">
    <groups>
    </groups>
    <test started-at="2024-01-23T17:39:21 GMT-06:00" name="Default test" finished-at="2024-01-23T17:39:25 GMT-06:00" duration-ms="3578">
      <class name="com.json.JSONschemaValidatorDemo">
        <test-method signature="test_A()[pri:0, instance:com.json.JSONschemaValidatorDemo@475c9c31]" started-at="2024-01-23T17:39:21 GMT-06:00" name="test_A" finished-at="2024-01-23T17:39:25 GMT-06:00" duration-ms="3480" status="PASS">
          <reporter-output>
          </reporter-output>
        </test-method> <!-- test_A -->
      </class> <!-- com.json.JSONschemaValidatorDemo -->
    </test> <!-- Default test -->
  </suite> <!-- Default suite -->
</testng-results>
